<?xml version="1.0" encoding="UTF-8"?>
<!-- Generated by org.testng.reporters.JUnitXMLReporter -->
<testsuite ignored="0" hostname="Ginas" failures="0" tests="3" name="Test" time="48.681" errors="0" timestamp="2020-11-29T09:20:49 PST">
  <testcase classname="com.AutomationDemo.demoProject.TestClass1" name="TestCase1" time="7.44"/>
  <testcase classname="com.AutomationDemo.demoProject.TestClass1" name="TestCase2" time="6.689"/>
  <testcase classname="com.AutomationDemo.demoProject.TestClass1" name="TestCase3" time="9.072"/>
</testsuite> <!-- Test -->
