<?xml version="1.0" encoding="UTF-8"?>
<testsuite xmlns:xsi="http://www.w3.org/2001/XMLSchema-instance" xsi:noNamespaceSchemaLocation="https://maven.apache.org/surefire/maven-surefire-plugin/xsd/surefire-test-report.xsd" name="TestSuite" time="50.382" tests="3" errors="0" skipped="0" failures="0">
  <properties>
[...]
</properties>
  <testcase name="TestCase1" classname="com.AutomationDemo.demoProject.TestClass1" time="7.436"/>
  <testcase name="TestCase2" classname="com.AutomationDemo.demoProject.TestClass1" time="6.69"/>
  <testcase name="TestCase3" classname="com.AutomationDemo.demoProject.TestClass1" time="9.066"/>
</testsuite>