<?xml version="1.0" encoding="UTF-8"?>
<testng-results ignored="0" total="3" passed="3" failed="0" skipped="0">
  <reporter-output>
  </reporter-output>
  <suite started-at="2020-11-29T09:20:00 PST" name="Suite" finished-at="2020-11-29T09:20:49 PST" duration-ms="48681">
    <groups>
    </groups>
    <test started-at="2020-11-29T09:20:00 PST" name="Test" finished-at="2020-11-29T09:20:49 PST" duration-ms="48681">
      <class name="com.AutomationDemo.demoProject.TestClass1">
        <test-method is-config="true" signature="launchDriver()[pri:0, instance:com.AutomationDemo.demoProject.TestClass1@77f80c04]" started-at="2020-11-29T09:20:00 PST" name="launchDriver" finished-at="2020-11-29T09:20:08 PST" duration-ms="8068" status="PASS">
          <reporter-output>
          </reporter-output>
        </test-method> <!-- launchDriver -->
        <test-method signature="TestCase1()[pri:0, instance:com.AutomationDemo.demoProject.TestClass1@77f80c04]" started-at="2020-11-29T09:20:08 PST" name="TestCase1" finished-at="2020-11-29T09:20:16 PST" duration-ms="7440" status="PASS">
          <reporter-output>
          </reporter-output>
        </test-method> <!-- TestCase1 -->
        <test-method is-config="true" signature="quit()[pri:0, instance:com.AutomationDemo.demoProject.TestClass1@77f80c04]" started-at="2020-11-29T09:20:16 PST" name="quit" finished-at="2020-11-29T09:20:17 PST" duration-ms="1238" status="PASS">
          <reporter-output>
          </reporter-output>
        </test-method> <!-- quit -->
        <test-method is-config="true" signature="launchDriver()[pri:0, instance:com.AutomationDemo.demoProject.TestClass1@77f80c04]" started-at="2020-11-29T09:20:17 PST" name="launchDriver" finished-at="2020-11-29T09:20:24 PST" duration-ms="6629" status="PASS">
          <reporter-output>
          </reporter-output>
        </test-method> <!-- launchDriver -->
        <test-method signature="TestCase2()[pri:0, instance:com.AutomationDemo.demoProject.TestClass1@77f80c04]" started-at="2020-11-29T09:20:24 PST" name="TestCase2" finished-at="2020-11-29T09:20:30 PST" duration-ms="6689" status="PASS">
          <reporter-output>
          </reporter-output>
        </test-method> <!-- TestCase2 -->
        <test-method is-config="true" signature="quit()[pri:0, instance:com.AutomationDemo.demoProject.TestClass1@77f80c04]" started-at="2020-11-29T09:20:30 PST" name="quit" finished-at="2020-11-29T09:20:32 PST" duration-ms="1577" status="PASS">
          <reporter-output>
          </reporter-output>
        </test-method> <!-- quit -->
        <test-method is-config="true" signature="launchDriver()[pri:0, instance:com.AutomationDemo.demoProject.TestClass1@77f80c04]" started-at="2020-11-29T09:20:32 PST" name="launchDriver" finished-at="2020-11-29T09:20:38 PST" duration-ms="5949" status="PASS">
          <reporter-output>
          </reporter-output>
        </test-method> <!-- launchDriver -->
        <test-method signature="TestCase3()[pri:0, instance:com.AutomationDemo.demoProject.TestClass1@77f80c04]" started-at="2020-11-29T09:20:38 PST" name="TestCase3" finished-at="2020-11-29T09:20:47 PST" duration-ms="9072" status="PASS">
          <reporter-output>
          </reporter-output>
        </test-method> <!-- TestCase3 -->
        <test-method is-config="true" signature="quit()[pri:0, instance:com.AutomationDemo.demoProject.TestClass1@77f80c04]" started-at="2020-11-29T09:20:47 PST" name="quit" finished-at="2020-11-29T09:20:49 PST" duration-ms="1931" status="PASS">
          <reporter-output>
          </reporter-output>
        </test-method> <!-- quit -->
      </class> <!-- com.AutomationDemo.demoProject.TestClass1 -->
    </test> <!-- Test -->
  </suite> <!-- Suite -->
</testng-results>
